d:\universe\c++\study_network\sfml network\x64\debug\vc141.pdb
d:\universe\c++\study_network\sfml network\x64\debug\vc141.idb
d:\universe\c++\study_network\sfml network\x64\debug\window.obj
d:\universe\c++\study_network\sfml network\x64\debug\user.obj
d:\universe\c++\study_network\sfml network\x64\debug\spritehandler.obj
d:\universe\c++\study_network\sfml network\x64\debug\graphics.obj
d:\universe\c++\study_network\sfml network\x64\debug\main_graphics.obj
d:\universe\c++\study_network\sfml network\x64\debug\server.obj
d:\universe\c++\study_network\sfml network\x64\debug\textfield.obj
d:\universe\c++\study_network\sfml network\x64\debug\console_messenger.obj
d:\universe\c++\study_network\sfml network\x64\debug\client.obj
d:\universe\c++\study_network\sfml network\x64\debug\messenger.pdb
d:\universe\c++\study_network\sfml network\x64\debug\messenger.tlog\cl.command.1.tlog
d:\universe\c++\study_network\sfml network\x64\debug\messenger.tlog\cl.read.1.tlog
d:\universe\c++\study_network\sfml network\x64\debug\messenger.tlog\cl.write.1.tlog
d:\universe\c++\study_network\sfml network\x64\debug\messenger.tlog\link.17212-cvtres.read.1.tlog
d:\universe\c++\study_network\sfml network\x64\debug\messenger.tlog\link.17212-cvtres.write.1.tlog
d:\universe\c++\study_network\sfml network\x64\debug\messenger.tlog\link.17212-rc.read.1.tlog
d:\universe\c++\study_network\sfml network\x64\debug\messenger.tlog\link.17212-rc.write.1.tlog
d:\universe\c++\study_network\sfml network\x64\debug\messenger.tlog\link.17212.read.1.tlog
d:\universe\c++\study_network\sfml network\x64\debug\messenger.tlog\link.17212.write.1.tlog
d:\universe\c++\study_network\sfml network\x64\debug\messenger.tlog\link.command.1.tlog
d:\universe\c++\study_network\sfml network\x64\debug\messenger.tlog\link.read.1.tlog
d:\universe\c++\study_network\sfml network\x64\debug\messenger.tlog\link.write.1.tlog
